
*** Running vivado
    with args -log top.vds -m64 -product Vivado -mode batch -messageDb vivado.pb -notrace -source top.tcl


****** Vivado v2024.1.1 (64-bit)
  **** SW Build 5094488 on Fri Jun 14 08:57:50 MDT 2024
  **** IP Build 5091682 on Fri Jun 14 16:55:04 MDT 2024
  **** SharedData Build 5094118 on Fri Jun 14 01:09:43 MDT 2024
  **** Start of session at: Tue Oct  1 17:44:46 2024
    ** Copyright 1986-2022 Xilinx, Inc. All Rights Reserved.
    ** Copyright 2022-2024 Advanced Micro Devices, Inc. All Rights Reserved.

source top.tcl -notrace
create_project: Time (s): cpu = 00:00:06 ; elapsed = 00:00:06 . Memory (MB): peak = 1589.762 ; gain = 19.836 ; free physical = 26041 ; free virtual = 46852
Command: read_checkpoint -auto_incremental -incremental /home/ncking/Projects/Vivado/ECE-4305_Lab-4/ECE-4305_Lab-4.srcs/utils_1/imports/synth_1/top.dcp
INFO: [Vivado 12-5825] Read reference checkpoint from /home/ncking/Projects/Vivado/ECE-4305_Lab-4/ECE-4305_Lab-4.srcs/utils_1/imports/synth_1/top.dcp for incremental synthesis
INFO: [Vivado 12-7989] Please ensure there are no constraint changes
Command: synth_design -top top -part xc7a100tcsg324-1
Starting synth_design
Attempting to get a license for feature 'Synthesis' and/or device 'xc7a100t'
INFO: [Common 17-349] Got license for feature 'Synthesis' and/or device 'xc7a100t'
INFO: [Device 21-403] Loading part xc7a100tcsg324-1
INFO: [Device 21-9227] Part: xc7a100tcsg324-1 does not have CEAM library.
INFO: [Designutils 20-5440] No compile time benefit to using incremental synthesis; A full resynthesis will be run
INFO: [Designutils 20-4379] Flow is switching to default flow due to incremental criteria not met. If you would like to alter this behaviour and have the flow terminate instead, please set the following parameter config_implementation {autoIncr.Synth.RejectBehavior Terminate}
INFO: [Synth 8-7079] Multithreading enabled for synth_design using a maximum of 4 processes.
INFO: [Synth 8-7078] Launching helper process for spawning children vivado processes
INFO: [Synth 8-7075] Helper process launched with PID 198794
---------------------------------------------------------------------------------
Starting RTL Elaboration : Time (s): cpu = 00:00:03 ; elapsed = 00:00:04 . Memory (MB): peak = 2371.266 ; gain = 423.652 ; free physical = 24880 ; free virtual = 45691
---------------------------------------------------------------------------------
WARNING: [Synth 8-9661] initial value of parameter 'width_select' is omitted [/home/ncking/Projects/Vivado/ECE-4305_Lab-4/ECE-4305_Lab-4.srcs/sources_1/new/param_mux.sv:24]
WARNING: [Synth 8-9661] initial value of parameter 'width_input' is omitted [/home/ncking/Projects/Vivado/ECE-4305_Lab-4/ECE-4305_Lab-4.srcs/sources_1/new/param_mux.sv:25]
WARNING: [Synth 8-9661] initial value of parameter 'FILENAME' is omitted [/home/ncking/Projects/Vivado/ECE-4305_Lab-4/ECE-4305_Lab-4.srcs/sources_1/new/synch_rom.sv:24]
INFO: [Synth 8-6157] synthesizing module 'top' [/home/ncking/Projects/Vivado/ECE-4305_Lab-4/ECE-4305_Lab-4.srcs/sources_1/new/top.sv:23]
INFO: [Synth 8-6157] synthesizing module 'slow_clock' [/home/ncking/Projects/Vivado/ECE-4305_Lab-4/ECE-4305_Lab-4.srcs/sources_1/new/clock_slow.sv:23]
	Parameter count_max bound to: 32'sb00000000000000011000011010100000 
INFO: [Synth 8-6155] done synthesizing module 'slow_clock' (0#1) [/home/ncking/Projects/Vivado/ECE-4305_Lab-4/ECE-4305_Lab-4.srcs/sources_1/new/clock_slow.sv:23]
INFO: [Synth 8-6157] synthesizing module 'synch_rom' [/home/ncking/Projects/Vivado/ECE-4305_Lab-4/ECE-4305_Lab-4.srcs/sources_1/new/synch_rom.sv:23]
	Parameter FILENAME bound to: temperature_mapping.mem - type: string 
INFO: [Synth 8-3876] $readmem data file 'temperature_mapping.mem' is read successfully [/home/ncking/Projects/Vivado/ECE-4305_Lab-4/ECE-4305_Lab-4.srcs/sources_1/new/synch_rom.sv:34]
INFO: [Synth 8-6155] done synthesizing module 'synch_rom' (0#1) [/home/ncking/Projects/Vivado/ECE-4305_Lab-4/ECE-4305_Lab-4.srcs/sources_1/new/synch_rom.sv:23]
INFO: [Synth 8-6157] synthesizing module 'magnitude_to_8_bcd' [/home/ncking/Projects/Vivado/ECE-4305_Lab-4/ECE-4305_Lab-4.srcs/sources_1/new/magnitude_to_8_bcd.sv:22]
INFO: [Synth 8-6155] done synthesizing module 'magnitude_to_8_bcd' (0#1) [/home/ncking/Projects/Vivado/ECE-4305_Lab-4/ECE-4305_Lab-4.srcs/sources_1/new/magnitude_to_8_bcd.sv:22]
INFO: [Synth 8-6157] synthesizing module 'display_controller' [/home/ncking/Projects/Vivado/ECE-4305_Lab-4/ECE-4305_Lab-4.srcs/sources_1/new/display_controller.sv:22]
INFO: [Synth 8-6157] synthesizing module 'mod_n_counter' [/home/ncking/Projects/Vivado/ECE-4305_Lab-4/ECE-4305_Lab-4.srcs/sources_1/new/mod_n_counter.sv:23]
	Parameter MODULO bound to: 32'sb00000000000000000000000000001000 
INFO: [Synth 8-6155] done synthesizing module 'mod_n_counter' (0#1) [/home/ncking/Projects/Vivado/ECE-4305_Lab-4/ECE-4305_Lab-4.srcs/sources_1/new/mod_n_counter.sv:23]
INFO: [Synth 8-6157] synthesizing module 'array_bcd_to_7segment' [/home/ncking/Projects/Vivado/ECE-4305_Lab-4/ECE-4305_Lab-4.srcs/sources_1/new/array_bcd_to_7segment.sv:23]
INFO: [Synth 8-6157] synthesizing module 'bcd_to_7segment' [/home/ncking/Projects/Vivado/ECE-4305_Lab-4/ECE-4305_Lab-4.srcs/sources_1/new/bcd_to_7segment.sv:23]
INFO: [Synth 8-226] default block is never used [/home/ncking/Projects/Vivado/ECE-4305_Lab-4/ECE-4305_Lab-4.srcs/sources_1/new/bcd_to_7segment.sv:31]
INFO: [Synth 8-6155] done synthesizing module 'bcd_to_7segment' (0#1) [/home/ncking/Projects/Vivado/ECE-4305_Lab-4/ECE-4305_Lab-4.srcs/sources_1/new/bcd_to_7segment.sv:23]
INFO: [Synth 8-6155] done synthesizing module 'array_bcd_to_7segment' (0#1) [/home/ncking/Projects/Vivado/ECE-4305_Lab-4/ECE-4305_Lab-4.srcs/sources_1/new/array_bcd_to_7segment.sv:23]
INFO: [Synth 8-6157] synthesizing module 'param_mux' [/home/ncking/Projects/Vivado/ECE-4305_Lab-4/ECE-4305_Lab-4.srcs/sources_1/new/param_mux.sv:21]
	Parameter width_select bound to: 3 - type: integer 
	Parameter width_input bound to: 8 - type: integer 
INFO: [Synth 8-6155] done synthesizing module 'param_mux' (0#1) [/home/ncking/Projects/Vivado/ECE-4305_Lab-4/ECE-4305_Lab-4.srcs/sources_1/new/param_mux.sv:21]
INFO: [Synth 8-6155] done synthesizing module 'display_controller' (0#1) [/home/ncking/Projects/Vivado/ECE-4305_Lab-4/ECE-4305_Lab-4.srcs/sources_1/new/display_controller.sv:22]
INFO: [Synth 8-6155] done synthesizing module 'top' (0#1) [/home/ncking/Projects/Vivado/ECE-4305_Lab-4/ECE-4305_Lab-4.srcs/sources_1/new/top.sv:23]
---------------------------------------------------------------------------------
Finished RTL Elaboration : Time (s): cpu = 00:00:05 ; elapsed = 00:00:05 . Memory (MB): peak = 2446.234 ; gain = 498.621 ; free physical = 24726 ; free virtual = 45539
---------------------------------------------------------------------------------
---------------------------------------------------------------------------------
Start Handling Custom Attributes
---------------------------------------------------------------------------------
---------------------------------------------------------------------------------
Finished Handling Custom Attributes : Time (s): cpu = 00:00:05 ; elapsed = 00:00:05 . Memory (MB): peak = 2461.078 ; gain = 513.465 ; free physical = 24723 ; free virtual = 45536
---------------------------------------------------------------------------------
---------------------------------------------------------------------------------
Finished RTL Optimization Phase 1 : Time (s): cpu = 00:00:05 ; elapsed = 00:00:05 . Memory (MB): peak = 2461.078 ; gain = 513.465 ; free physical = 24723 ; free virtual = 45536
---------------------------------------------------------------------------------
Netlist sorting complete. Time (s): cpu = 00:00:00 ; elapsed = 00:00:00 . Memory (MB): peak = 2461.078 ; gain = 0.000 ; free physical = 24722 ; free virtual = 45535
INFO: [Project 1-570] Preparing netlist for logic optimization

Processing XDC Constraints
Initializing timing engine
Parsing XDC File [/home/ncking/Projects/Vivado/ECE-4305_Lab-4/ECE-4305_Lab-4.srcs/constrs_1/imports/Downloads/Nexys-A7-100T-Master.xdc]
Finished Parsing XDC File [/home/ncking/Projects/Vivado/ECE-4305_Lab-4/ECE-4305_Lab-4.srcs/constrs_1/imports/Downloads/Nexys-A7-100T-Master.xdc]
INFO: [Project 1-236] Implementation specific constraints were found while reading constraint file [/home/ncking/Projects/Vivado/ECE-4305_Lab-4/ECE-4305_Lab-4.srcs/constrs_1/imports/Downloads/Nexys-A7-100T-Master.xdc]. These constraints will be ignored for synthesis but will be used in implementation. Impacted constraints are listed in the file [.Xil/top_propImpl.xdc].
Resolution: To avoid this warning, move constraints listed in [.Xil/top_propImpl.xdc] to another XDC file and exclude this new file from synthesis with the used_in_synthesis property (File Properties dialog in GUI) and re-run elaboration/synthesis.
Completed Processing XDC Constraints

Netlist sorting complete. Time (s): cpu = 00:00:00 ; elapsed = 00:00:00 . Memory (MB): peak = 2599.828 ; gain = 0.000 ; free physical = 24687 ; free virtual = 45500
INFO: [Project 1-111] Unisim Transformation Summary:
No Unisim elements were transformed.

Constraint Validation Runtime : Time (s): cpu = 00:00:00 ; elapsed = 00:00:00 . Memory (MB): peak = 2599.828 ; gain = 0.000 ; free physical = 24687 ; free virtual = 45500
INFO: [Designutils 20-5440] No compile time benefit to using incremental synthesis; A full resynthesis will be run
INFO: [Designutils 20-4379] Flow is switching to default flow due to incremental criteria not met. If you would like to alter this behaviour and have the flow terminate instead, please set the following parameter config_implementation {autoIncr.Synth.RejectBehavior Terminate}
---------------------------------------------------------------------------------
Finished Constraint Validation : Time (s): cpu = 00:00:10 ; elapsed = 00:00:10 . Memory (MB): peak = 2599.828 ; gain = 652.215 ; free physical = 24670 ; free virtual = 45489
---------------------------------------------------------------------------------
---------------------------------------------------------------------------------
Start Loading Part and Timing Information
---------------------------------------------------------------------------------
Loading part: xc7a100tcsg324-1
---------------------------------------------------------------------------------
Finished Loading Part and Timing Information : Time (s): cpu = 00:00:10 ; elapsed = 00:00:10 . Memory (MB): peak = 2607.832 ; gain = 660.219 ; free physical = 24670 ; free virtual = 45489
---------------------------------------------------------------------------------
---------------------------------------------------------------------------------
Start Applying 'set_property' XDC Constraints
---------------------------------------------------------------------------------
---------------------------------------------------------------------------------
Finished applying 'set_property' XDC Constraints : Time (s): cpu = 00:00:10 ; elapsed = 00:00:10 . Memory (MB): peak = 2607.832 ; gain = 660.219 ; free physical = 24669 ; free virtual = 45490
---------------------------------------------------------------------------------
---------------------------------------------------------------------------------
Finished RTL Optimization Phase 2 : Time (s): cpu = 00:00:10 ; elapsed = 00:00:11 . Memory (MB): peak = 2607.832 ; gain = 660.219 ; free physical = 24663 ; free virtual = 45483
---------------------------------------------------------------------------------
---------------------------------------------------------------------------------
Start RTL Component Statistics 
---------------------------------------------------------------------------------
Detailed RTL Component Info : 
+---Adders : 
	   2 Input   32 Bit       Adders := 1     
	   2 Input    9 Bit       Adders := 1     
	   2 Input    3 Bit       Adders := 1     
+---Registers : 
	               32 Bit    Registers := 1     
	                9 Bit    Registers := 1     
	                3 Bit    Registers := 1     
	                1 Bit    Registers := 2     
+---ROMs : 
	                    ROMs := 1     
+---Muxes : 
	   2 Input    4 Bit        Muxes := 1     
	   2 Input    3 Bit        Muxes := 1     
	   2 Input    1 Bit        Muxes := 1     
	  16 Input    1 Bit        Muxes := 56    
---------------------------------------------------------------------------------
Finished RTL Component Statistics 
---------------------------------------------------------------------------------
---------------------------------------------------------------------------------
Start Part Resource Summary
---------------------------------------------------------------------------------
Part Resources:
DSPs: 240 (col length:80)
BRAMs: 270 (col length: RAMB18 80 RAMB36 40)
---------------------------------------------------------------------------------
Finished Part Resource Summary
---------------------------------------------------------------------------------
---------------------------------------------------------------------------------
Start Cross Boundary and Area Optimization
---------------------------------------------------------------------------------
WARNING: [Synth 8-7080] Parallel synthesis criteria is not met
---------------------------------------------------------------------------------
Finished Cross Boundary and Area Optimization : Time (s): cpu = 00:00:15 ; elapsed = 00:00:15 . Memory (MB): peak = 2607.832 ; gain = 660.219 ; free physical = 24701 ; free virtual = 45543
---------------------------------------------------------------------------------
---------------------------------------------------------------------------------
Start Applying XDC Timing Constraints
---------------------------------------------------------------------------------
---------------------------------------------------------------------------------
Finished Applying XDC Timing Constraints : Time (s): cpu = 00:00:20 ; elapsed = 00:00:21 . Memory (MB): peak = 2607.832 ; gain = 660.219 ; free physical = 24655 ; free virtual = 45504
---------------------------------------------------------------------------------
---------------------------------------------------------------------------------
Start Timing Optimization
---------------------------------------------------------------------------------
---------------------------------------------------------------------------------
Finished Timing Optimization : Time (s): cpu = 00:00:20 ; elapsed = 00:00:21 . Memory (MB): peak = 2607.832 ; gain = 660.219 ; free physical = 24655 ; free virtual = 45505
---------------------------------------------------------------------------------
---------------------------------------------------------------------------------
Start Technology Mapping
---------------------------------------------------------------------------------
INFO: [Synth 8-7052] The timing for the instance ROM_INST/data_reg (implemented as a Block RAM) might be sub-optimal as no optional output register could be merged into the ram block. Providing additional output register may help in improving timing.
---------------------------------------------------------------------------------
Finished Technology Mapping : Time (s): cpu = 00:00:20 ; elapsed = 00:00:21 . Memory (MB): peak = 2607.832 ; gain = 660.219 ; free physical = 24673 ; free virtual = 45523
---------------------------------------------------------------------------------
---------------------------------------------------------------------------------
Start IO Insertion
---------------------------------------------------------------------------------
---------------------------------------------------------------------------------
Start Flattening Before IO Insertion
---------------------------------------------------------------------------------
---------------------------------------------------------------------------------
Finished Flattening Before IO Insertion
---------------------------------------------------------------------------------
---------------------------------------------------------------------------------
Start Final Netlist Cleanup
---------------------------------------------------------------------------------
---------------------------------------------------------------------------------
Finished Final Netlist Cleanup
---------------------------------------------------------------------------------
---------------------------------------------------------------------------------
Finished IO Insertion : Time (s): cpu = 00:00:23 ; elapsed = 00:00:24 . Memory (MB): peak = 2607.832 ; gain = 660.219 ; free physical = 24720 ; free virtual = 45570
---------------------------------------------------------------------------------
---------------------------------------------------------------------------------
Start Renaming Generated Instances
---------------------------------------------------------------------------------
---------------------------------------------------------------------------------
Finished Renaming Generated Instances : Time (s): cpu = 00:00:23 ; elapsed = 00:00:24 . Memory (MB): peak = 2607.832 ; gain = 660.219 ; free physical = 24720 ; free virtual = 45570
---------------------------------------------------------------------------------
---------------------------------------------------------------------------------
Start Rebuilding User Hierarchy
---------------------------------------------------------------------------------
---------------------------------------------------------------------------------
Finished Rebuilding User Hierarchy : Time (s): cpu = 00:00:23 ; elapsed = 00:00:24 . Memory (MB): peak = 2607.832 ; gain = 660.219 ; free physical = 24720 ; free virtual = 45570
---------------------------------------------------------------------------------
---------------------------------------------------------------------------------
Start Renaming Generated Ports
---------------------------------------------------------------------------------
---------------------------------------------------------------------------------
Finished Renaming Generated Ports : Time (s): cpu = 00:00:23 ; elapsed = 00:00:24 . Memory (MB): peak = 2607.832 ; gain = 660.219 ; free physical = 24720 ; free virtual = 45570
---------------------------------------------------------------------------------
---------------------------------------------------------------------------------
Start Handling Custom Attributes
---------------------------------------------------------------------------------
---------------------------------------------------------------------------------
Finished Handling Custom Attributes : Time (s): cpu = 00:00:23 ; elapsed = 00:00:24 . Memory (MB): peak = 2607.832 ; gain = 660.219 ; free physical = 24720 ; free virtual = 45570
---------------------------------------------------------------------------------
---------------------------------------------------------------------------------
Start Renaming Generated Nets
---------------------------------------------------------------------------------
---------------------------------------------------------------------------------
Finished Renaming Generated Nets : Time (s): cpu = 00:00:23 ; elapsed = 00:00:24 . Memory (MB): peak = 2607.832 ; gain = 660.219 ; free physical = 24720 ; free virtual = 45570
---------------------------------------------------------------------------------
---------------------------------------------------------------------------------
Start Writing Synthesis Report
---------------------------------------------------------------------------------

Report BlackBoxes: 
+-+--------------+----------+
| |BlackBox name |Instances |
+-+--------------+----------+
+-+--------------+----------+

Report Cell Usage: 
+------+---------+------+
|      |Cell     |Count |
+------+---------+------+
|1     |BUFG     |     1|
|2     |CARRY4   |    28|
|3     |LUT1     |     3|
|4     |LUT2     |    47|
|5     |LUT3     |    49|
|6     |LUT4     |    35|
|7     |LUT5     |    40|
|8     |LUT6     |    80|
|9     |RAMB18E1 |     1|
|10    |FDCE     |    36|
|11    |IBUF     |    11|
|12    |OBUF     |    16|
+------+---------+------+
---------------------------------------------------------------------------------
Finished Writing Synthesis Report : Time (s): cpu = 00:00:23 ; elapsed = 00:00:24 . Memory (MB): peak = 2607.832 ; gain = 660.219 ; free physical = 24720 ; free virtual = 45570
---------------------------------------------------------------------------------
Synthesis finished with 0 errors, 0 critical warnings and 1 warnings.
Synthesis Optimization Runtime : Time (s): cpu = 00:00:22 ; elapsed = 00:00:22 . Memory (MB): peak = 2607.832 ; gain = 521.469 ; free physical = 24720 ; free virtual = 45570
Synthesis Optimization Complete : Time (s): cpu = 00:00:23 ; elapsed = 00:00:24 . Memory (MB): peak = 2607.840 ; gain = 660.219 ; free physical = 24720 ; free virtual = 45570
INFO: [Project 1-571] Translating synthesized netlist
Netlist sorting complete. Time (s): cpu = 00:00:00.01 ; elapsed = 00:00:00.01 . Memory (MB): peak = 2607.840 ; gain = 0.000 ; free physical = 25058 ; free virtual = 45908
INFO: [Netlist 29-17] Analyzing 29 Unisim elements for replacement
INFO: [Netlist 29-28] Unisim Transformation completed in 0 CPU seconds
INFO: [Project 1-570] Preparing netlist for logic optimization
INFO: [Opt 31-138] Pushed 0 inverter(s) to 0 load pin(s).
Netlist sorting complete. Time (s): cpu = 00:00:00 ; elapsed = 00:00:00 . Memory (MB): peak = 2663.859 ; gain = 0.000 ; free physical = 25056 ; free virtual = 45906
INFO: [Project 1-111] Unisim Transformation Summary:
No Unisim elements were transformed.

Synth Design complete | Checksum: 427112bf
INFO: [Common 17-83] Releasing license: Synthesis
43 Infos, 4 Warnings, 0 Critical Warnings and 0 Errors encountered.
synth_design completed successfully
synth_design: Time (s): cpu = 00:00:30 ; elapsed = 00:00:28 . Memory (MB): peak = 2663.859 ; gain = 1057.223 ; free physical = 25056 ; free virtual = 45906
INFO: [Common 17-2834] synth_design peak Physical Memory [PSS] (MB): overall = 1964.881; main = 1576.254; forked = 440.166
INFO: [Common 17-2834] synth_design peak Virtual Memory [VSS] (MB): overall = 4347.145; main = 2663.863; forked = 1739.309
Write ShapeDB Complete: Time (s): cpu = 00:00:00 ; elapsed = 00:00:00 . Memory (MB): peak = 2687.871 ; gain = 0.000 ; free physical = 25056 ; free virtual = 45905
INFO: [Common 17-1381] The checkpoint '/home/ncking/Projects/Vivado/ECE-4305_Lab-4/ECE-4305_Lab-4.runs/synth_1/top.dcp' has been generated.
INFO: [Vivado 12-24828] Executing command : report_utilization -file top_utilization_synth.rpt -pb top_utilization_synth.pb
INFO: [Common 17-206] Exiting Vivado at Tue Oct  1 17:45:23 2024...
